<?xml version="1.0" encoding="UTF-8"?>
<testsuite xmlns:xsi="http://www.w3.org/2001/XMLSchema-instance" xsi:noNamespaceSchemaLocation="https://maven.apache.org/surefire/maven-surefire-plugin/xsd/surefire-test-report.xsd" version="3.0.2" name="com.nalaka.goviya.RatingApplicationTests" time="11.533" tests="1" errors="0" skipped="0" failures="0">
  <properties>
[...]
</properties>
  <testcase name="contextLoads" classname="com.nalaka.goviya.RatingApplicationTests" time="2.059">
    <system-out><![CDATA[16:15:54.611 [main] INFO org.springframework.test.context.support.AnnotationConfigContextLoaderUtils -- Could not detect default configuration classes for test class [com.nalaka.goviya.RatingApplicationTests]: RatingApplicationTests does not declare any static, non-private, non-final, nested classes annotated with @Configuration.
16:15:54.907 [main] INFO org.springframework.boot.test.context.SpringBootTestContextBootstrapper -- Found @SpringBootConfiguration com.nalaka.goviya.RatingApplication for test class com.nalaka.goviya.RatingApplicationTests

  .   ____          _            __ _ _
 /\\ / ___'_ __ _ _(_)_ __  __ _ \ \ \ \
( ( )\___ | '_ | '_| | '_ \/ _` | \ \ \ \
 \\/  ___)| |_)| | | | | || (_| |  ) ) ) )
  '  |____| .__|_| |_|_| |_\__, | / / / /
 =========|_|==============|___/=/_/_/_/

 :: Spring Boot ::                (v4.0.0)

2026-06-02T16:15:56.091+05:30  INFO 18473 --- [goviya-rating-service] [           main] c.nalaka.goviya.RatingApplicationTests   : Starting RatingApplicationTests using Java 17.0.19 with PID 18473 (started by nalaka in /media/data/Code/Goviya-Backend/goviya-rating-service)
2026-06-02T16:15:56.095+05:30  INFO 18473 --- [goviya-rating-service] [           main] c.nalaka.goviya.RatingApplicationTests   : The following 1 profile is active: "local"
2026-06-02T16:15:58.667+05:30  INFO 18473 --- [goviya-rating-service] [           main] .s.d.r.c.RepositoryConfigurationDelegate : Bootstrapping Spring Data MongoDB repositories in DEFAULT mode.
2026-06-02T16:15:58.798+05:30  INFO 18473 --- [goviya-rating-service] [           main] .s.d.r.c.RepositoryConfigurationDelegate : Finished Spring Data repository scanning in 111 ms. Found 1 MongoDB repository interface.
2026-06-02T16:16:00.140+05:30  INFO 18473 --- [goviya-rating-service] [           main] org.mongodb.driver.client                : MongoClient with metadata {"driver": {"name": "mongo-java-driver|spring-boot|sync", "version": "5.6.1"}, "os": {"type": "Linux", "name": "Linux", "architecture": "amd64", "version": "6.17.0-29-generic"}, "platform": "Java/Ubuntu/17.0.19+10-1-24.04.2-Ubuntu"} created with settings MongoClientSettings{readPreference=primary, writeConcern=WriteConcern{w=majority, wTimeout=null ms, journal=null}, retryWrites=true, retryReads=true, readConcern=ReadConcern{level=null}, credential=MongoCredential{mechanism=null, userName='nalakadineshx_db_user', source='admin', password=<hidden>, mechanismProperties=<hidden>}, transportSettings=null, commandListeners=[], codecRegistry=ProvidersCodecRegistry{codecProviders=[ValueCodecProvider{}, BsonValueCodecProvider{}, DBRefCodecProvider{}, DBObjectCodecProvider{}, DocumentCodecProvider{}, CollectionCodecProvider{}, IterableCodecProvider{}, MapCodecProvider{}, GeoJsonCodecProvider{}, GridFSFileCodecProvider{}, Jsr310CodecProvider{}, JsonObjectCodecProvider{}, BsonCodecProvider{}, com.mongodb.client.model.mql.ExpressionCodecProvider@d36c1c3, com.mongodb.Jep395RecordCodecProvider@96abc76, com.mongodb.KotlinCodecProvider@4d69d288, EnumCodecProvider{}]}, loggerSettings=LoggerSettings{maxDocumentLength=1000}, clusterSettings={hosts=[127.0.0.1:27017], srvHost=cluster0.11jpfcm.mongodb.net, srvServiceName=mongodb, mode=MULTIPLE, requiredClusterType=REPLICA_SET, requiredReplicaSetName='atlas-eswioh-shard-0', serverSelector='null', clusterListeners='[]', serverSelectionTimeout='30000 ms', localThreshold='15 ms'}, socketSettings=SocketSettings{connectTimeoutMS=10000, readTimeoutMS=0, receiveBufferSize=0, proxySettings=ProxySettings{host=null, port=null, username=null, password=null}}, heartbeatSocketSettings=SocketSettings{connectTimeoutMS=10000, readTimeoutMS=10000, receiveBufferSize=0, proxySettings=ProxySettings{host=null, port=null, username=null, password=null}}, connectionPoolSettings=ConnectionPoolSettings{maxSize=100, minSize=0, maxWaitTimeMS=120000, maxConnectionLifeTimeMS=0, maxConnectionIdleTimeMS=0, maintenanceInitialDelayMS=0, maintenanceFrequencyMS=60000, connectionPoolListeners=[], maxConnecting=2}, serverSettings=ServerSettings{heartbeatFrequencyMS=10000, minHeartbeatFrequencyMS=500, serverMonitoringMode=AUTO, serverListeners='[]', serverMonitorListeners='[]'}, sslSettings=SslSettings{enabled=true, invalidHostNameAllowed=false, context=null}, applicationName='null', compressorList=[], uuidRepresentation=UNSPECIFIED, serverApi=null, autoEncryptionSettings=null, dnsClient=null, inetAddressResolver=null, contextProvider=null, timeoutMS=null}
2026-06-02T16:16:00.247+05:30  INFO 18473 --- [goviya-rating-service] [fcm.mongodb.net] org.mongodb.driver.cluster               : Adding discovered server ac-qrvppji-shard-00-00.11jpfcm.mongodb.net:27017 to client view of cluster
2026-06-02T16:16:00.319+05:30  INFO 18473 --- [goviya-rating-service] [fcm.mongodb.net] org.mongodb.driver.cluster               : Adding discovered server ac-qrvppji-shard-00-01.11jpfcm.mongodb.net:27017 to client view of cluster
2026-06-02T16:16:00.321+05:30  INFO 18473 --- [goviya-rating-service] [fcm.mongodb.net] org.mongodb.driver.cluster               : Adding discovered server ac-qrvppji-shard-00-02.11jpfcm.mongodb.net:27017 to client view of cluster
2026-06-02T16:16:02.422+05:30  INFO 18473 --- [goviya-rating-service] [ngodb.net:27017] org.mongodb.driver.cluster               : Monitor thread successfully connected to server with description ServerDescription{address=ac-qrvppji-shard-00-02.11jpfcm.mongodb.net:27017, type=REPLICA_SET_PRIMARY, cryptd=false, state=CONNECTED, ok=true, minWireVersion=0, maxWireVersion=25, maxDocumentSize=16777216, logicalSessionTimeoutMinutes=30, roundTripTimeNanos=1114519897, minRoundTripTimeNanos=0, setName='atlas-eswioh-shard-0', canonicalAddress=ac-qrvppji-shard-00-02.11jpfcm.mongodb.net:27017, hosts=[ac-qrvppji-shard-00-00.11jpfcm.mongodb.net:27017, ac-qrvppji-shard-00-01.11jpfcm.mongodb.net:27017, ac-qrvppji-shard-00-02.11jpfcm.mongodb.net:27017], passives=[], arbiters=[], primary='ac-qrvppji-shard-00-02.11jpfcm.mongodb.net:27017', tagSet=TagSet{[Tag{name='availabilityZone', value='aps1-az2'}, Tag{name='cacheState', value='READY'}, Tag{name='diskState', value='READY'}, Tag{name='nodeType', value='ELECTABLE'}, Tag{name='provider', value='AWS'}, Tag{name='region', value='AP_SOUTH_1'}, Tag{name='workloadType', value='OPERATIONAL'}]}, electionId=7fffffff0000000000000113, setVersion=207, topologyVersion=TopologyVersion{processId=6a11fdd181aa02eba1f476c0, counter=6}, lastWriteDate=Tue Jun 02 16:16:02 IST 2026, lastUpdateTimeNanos=2084390649092}
2026-06-02T16:16:02.422+05:30  INFO 18473 --- [goviya-rating-service] [ngodb.net:27017] org.mongodb.driver.cluster               : Monitor thread successfully connected to server with description ServerDescription{address=ac-qrvppji-shard-00-00.11jpfcm.mongodb.net:27017, type=REPLICA_SET_SECONDARY, cryptd=false, state=CONNECTED, ok=true, minWireVersion=0, maxWireVersion=25, maxDocumentSize=16777216, logicalSessionTimeoutMinutes=30, roundTripTimeNanos=1116305597, minRoundTripTimeNanos=0, setName='atlas-eswioh-shard-0', canonicalAddress=ac-qrvppji-shard-00-00.11jpfcm.mongodb.net:27017, hosts=[ac-qrvppji-shard-00-00.11jpfcm.mongodb.net:27017, ac-qrvppji-shard-00-01.11jpfcm.mongodb.net:27017, ac-qrvppji-shard-00-02.11jpfcm.mongodb.net:27017], passives=[], arbiters=[], primary='ac-qrvppji-shard-00-02.11jpfcm.mongodb.net:27017', tagSet=TagSet{[Tag{name='availabilityZone', value='aps1-az1'}, Tag{name='cacheState', value='READY'}, Tag{name='diskState', value='READY'}, Tag{name='nodeType', value='ELECTABLE'}, Tag{name='provider', value='AWS'}, Tag{name='region', value='AP_SOUTH_1'}, Tag{name='workloadType', value='OPERATIONAL'}]}, electionId=null, setVersion=207, topologyVersion=TopologyVersion{processId=6a11fb54f097e74489e2c5f6, counter=4}, lastWriteDate=Tue Jun 02 16:16:02 IST 2026, lastUpdateTimeNanos=2084391056622}
2026-06-02T16:16:02.427+05:30  INFO 18473 --- [goviya-rating-service] [ngodb.net:27017] org.mongodb.driver.cluster               : Monitor thread successfully connected to server with description ServerDescription{address=ac-qrvppji-shard-00-01.11jpfcm.mongodb.net:27017, type=REPLICA_SET_SECONDARY, cryptd=false, state=CONNECTED, ok=true, minWireVersion=0, maxWireVersion=25, maxDocumentSize=16777216, logicalSessionTimeoutMinutes=30, roundTripTimeNanos=1115886959, minRoundTripTimeNanos=0, setName='atlas-eswioh-shard-0', canonicalAddress=ac-qrvppji-shard-00-01.11jpfcm.mongodb.net:27017, hosts=[ac-qrvppji-shard-00-00.11jpfcm.mongodb.net:27017, ac-qrvppji-shard-00-01.11jpfcm.mongodb.net:27017, ac-qrvppji-shard-00-02.11jpfcm.mongodb.net:27017], passives=[], arbiters=[], primary='ac-qrvppji-shard-00-02.11jpfcm.mongodb.net:27017', tagSet=TagSet{[Tag{name='availabilityZone', value='aps1-az3'}, Tag{name='cacheState', value='READY'}, Tag{name='diskState', value='READY'}, Tag{name='nodeType', value='ELECTABLE'}, Tag{name='provider', value='AWS'}, Tag{name='region', value='AP_SOUTH_1'}, Tag{name='workloadType', value='OPERATIONAL'}]}, electionId=null, setVersion=207, topologyVersion=TopologyVersion{processId=6a12004f6eb607aa52681068, counter=3}, lastWriteDate=Tue Jun 02 16:16:02 GMT+05:30 2026, lastUpdateTimeNanos=2084390649963}
2026-06-02T16:16:02.435+05:30  INFO 18473 --- [goviya-rating-service] [ngodb.net:27017] org.mongodb.driver.cluster               : Discovered replica set primary ac-qrvppji-shard-00-02.11jpfcm.mongodb.net:27017 with max election id 7fffffff0000000000000113 and max set version 207
2026-06-02T16:16:03.449+05:30  INFO 18473 --- [goviya-rating-service] [           main] c.nalaka.goviya.RatingApplicationTests   : Started RatingApplicationTests in 8.13 seconds (process running for 11.49)
]]></system-out>
  </testcase>
</testsuite>